<?xml version="1.0" encoding="UTF-8" ?>
<testsuite failures="9" time="0.398" errors="0" skipped="0" tests="10" name="TestSuite">
  <properties>
    <property name="java.runtime.name" value="Java(TM) SE Runtime Environment"/>
    <property name="sun.boot.library.path" value="C:\Java\jdk1.7.0_04\jre\bin"/>
    <property name="java.vm.version" value="23.0-b21"/>
    <property name="java.vm.vendor" value="Oracle Corporation"/>
    <property name="java.vendor.url" value="http://java.oracle.com/"/>
    <property name="path.separator" value=";"/>
    <property name="guice.disable.misplaced.annotation.check" value="true"/>
    <property name="java.vm.name" value="Java HotSpot(TM) 64-Bit Server VM"/>
    <property name="file.encoding.pkg" value="sun.io"/>
    <property name="user.script" value=""/>
    <property name="user.country" value="AU"/>
    <property name="sun.java.launcher" value="SUN_STANDARD"/>
    <property name="sun.os.patch.level" value="Service Pack 1"/>
    <property name="java.vm.specification.name" value="Java Virtual Machine Specification"/>
    <property name="user.dir" value="C:\eclipse-indigo\workspace\asx"/>
    <property name="java.runtime.version" value="1.7.0_04-b22"/>
    <property name="java.awt.graphicsenv" value="sun.awt.Win32GraphicsEnvironment"/>
    <property name="java.endorsed.dirs" value="C:\Java\jdk1.7.0_04\jre\lib\endorsed"/>
    <property name="os.arch" value="amd64"/>
    <property name="java.io.tmpdir" value="C:\Users\Wally\AppData\Local\Temp\"/>
    <property name="line.separator" value="
"/>
    <property name="java.vm.specification.vendor" value="Oracle Corporation"/>
    <property name="user.variant" value=""/>
    <property name="os.name" value="Windows 7"/>
    <property name="classworlds.conf" value="C:\eclipse-indigo\workspace\.metadata\.plugins\org.eclipse.m2e.core\launches\m2conf5873775468585307208.tmp"/>
    <property name="sun.jnu.encoding" value="Cp1252"/>
    <property name="java.library.path" value="C:\Java\jdk1.7.0_04\bin;C:\Windows\Sun\Java\bin;C:\Windows\system32;C:\Windows;C:\Program Files (x86)\AMD APP\bin\x86_64;C:\Program Files (x86)\AMD APP\bin\x86;C:\Windows\system32;C:\Windows;C:\Windows\System32\Wbem;C:\Windows\System32\WindowsPowerShell\v1.0\;C:\Program Files (x86)\Intel\OpenCL SDK\2.0\bin\x86;C:\Program Files (x86)\Intel\OpenCL SDK\2.0\bin\x64;C:\Program Files (x86)\ATI Technologies\ATI.ACE\Core-Static;."/>
    <property name="java.specification.name" value="Java Platform API Specification"/>
    <property name="java.class.version" value="51.0"/>
    <property name="sun.management.compiler" value="HotSpot 64-Bit Tiered Compilers"/>
    <property name="os.version" value="6.1"/>
    <property name="user.home" value="C:\Users\Wally"/>
    <property name="user.timezone" value="Australia/Sydney"/>
    <property name="java.awt.printerjob" value="sun.awt.windows.WPrinterJob"/>
    <property name="java.specification.version" value="1.7"/>
    <property name="file.encoding" value="Cp1252"/>
    <property name="user.name" value="Wally"/>
    <property name="java.class.path" value="/C:/eclipse-juno/eclipse/configuration/org.eclipse.osgi/bundles/821/1/.cp/jars/plexus-classworlds-2.4.jar"/>
    <property name="java.vm.specification.version" value="1.7"/>
    <property name="sun.arch.data.model" value="64"/>
    <property name="java.home" value="C:\Java\jdk1.7.0_04\jre"/>
    <property name="sun.java.command" value="org.codehaus.plexus.classworlds.launcher.Launcher -B clean install"/>
    <property name="java.specification.vendor" value="Oracle Corporation"/>
    <property name="user.language" value="en"/>
    <property name="awt.toolkit" value="sun.awt.windows.WToolkit"/>
    <property name="java.vm.info" value="mixed mode"/>
    <property name="java.version" value="1.7.0_04"/>
    <property name="java.ext.dirs" value="C:\Java\jdk1.7.0_04\jre\lib\ext;C:\Windows\Sun\Java\lib\ext"/>
    <property name="sun.boot.class.path" value="C:\Java\jdk1.7.0_04\jre\lib\resources.jar;C:\Java\jdk1.7.0_04\jre\lib\rt.jar;C:\Java\jdk1.7.0_04\jre\lib\sunrsasign.jar;C:\Java\jdk1.7.0_04\jre\lib\jsse.jar;C:\Java\jdk1.7.0_04\jre\lib\jce.jar;C:\Java\jdk1.7.0_04\jre\lib\charsets.jar;C:\Java\jdk1.7.0_04\jre\lib\jfr.jar;C:\Java\jdk1.7.0_04\jre\classes"/>
    <property name="java.vendor" value="Oracle Corporation"/>
    <property name="maven.home" value="C:\eclipse-indigo\workspace\asx\EMBEDDED"/>
    <property name="file.separator" value="\"/>
    <property name="java.vendor.url.bug" value="http://bugreport.sun.com/bugreport/"/>
    <property name="sun.cpu.endian" value="little"/>
    <property name="sun.io.unicode.encoding" value="UnicodeLittle"/>
    <property name="sun.desktop" value="windows"/>
    <property name="sun.cpu.isalist" value="amd64"/>
  </properties>
  <testcase time="0.074" classname="au.brian.asx.domain.AnnouncementTest" name="test1">
    <failure message="\Users\briancole\Downloads\41zk1jggm90mmp.pdf (The system cannot find the path specified)" type="java.io.FileNotFoundException">java.io.FileNotFoundException: \Users\briancole\Downloads\41zk1jggm90mmp.pdf (The system cannot find the path specified)
	at java.io.FileInputStream.open(Native Method)
	at java.io.FileInputStream.&lt;init&gt;(FileInputStream.java:138)
	at org.apache.pdfbox.pdmodel.PDDocument.load(PDDocument.java:1125)
	at au.brian.asx.domain.Announcement.parseAnnouncement(Announcement.java:108)
	at au.brian.asx.domain.AnnouncementTest.test1(AnnouncementTest.java:56)
</failure>
    <system-err>SLF4J: Failed to load class &quot;org.slf4j.impl.StaticLoggerBinder&quot;.
SLF4J: Defaulting to no-operation (NOP) logger implementation
SLF4J: See http://www.slf4j.org/codes.html#StaticLoggerBinder for further details.
</system-err>
  </testcase>
  <testcase time="0.014" classname="au.brian.asx.domain.AnnouncementTest" name="test1">
    <failure message="\Users\briancole\Downloads\41zk1mmcbzcrgj.pdf (The system cannot find the path specified)" type="java.io.FileNotFoundException">java.io.FileNotFoundException: \Users\briancole\Downloads\41zk1mmcbzcrgj.pdf (The system cannot find the path specified)
	at java.io.FileInputStream.open(Native Method)
	at java.io.FileInputStream.&lt;init&gt;(FileInputStream.java:138)
	at org.apache.pdfbox.pdmodel.PDDocument.load(PDDocument.java:1125)
	at au.brian.asx.domain.Announcement.parseAnnouncement(Announcement.java:108)
	at au.brian.asx.domain.AnnouncementTest.test1(AnnouncementTest.java:56)
</failure>
  </testcase>
  <testcase time="0" classname="au.brian.asx.domain.AnnouncementTest" name="test1">
    <failure message="\Users\briancole\Downloads\41zsqscksqwlz9.pdf (The system cannot find the path specified)" type="java.io.FileNotFoundException">java.io.FileNotFoundException: \Users\briancole\Downloads\41zsqscksqwlz9.pdf (The system cannot find the path specified)
	at java.io.FileInputStream.open(Native Method)
	at java.io.FileInputStream.&lt;init&gt;(FileInputStream.java:138)
	at org.apache.pdfbox.pdmodel.PDDocument.load(PDDocument.java:1125)
	at au.brian.asx.domain.Announcement.parseAnnouncement(Announcement.java:108)
	at au.brian.asx.domain.AnnouncementTest.test1(AnnouncementTest.java:56)
</failure>
  </testcase>
  <testcase time="0" classname="au.brian.asx.domain.AnnouncementTest" name="test1">
    <failure message="\Users\briancole\Downloads\420jyp71tjwd15.pdf (The system cannot find the path specified)" type="java.io.FileNotFoundException">java.io.FileNotFoundException: \Users\briancole\Downloads\420jyp71tjwd15.pdf (The system cannot find the path specified)
	at java.io.FileInputStream.open(Native Method)
	at java.io.FileInputStream.&lt;init&gt;(FileInputStream.java:138)
	at org.apache.pdfbox.pdmodel.PDDocument.load(PDDocument.java:1125)
	at au.brian.asx.domain.Announcement.parseAnnouncement(Announcement.java:108)
	at au.brian.asx.domain.AnnouncementTest.test1(AnnouncementTest.java:56)
</failure>
  </testcase>
  <testcase time="0" classname="au.brian.asx.domain.AnnouncementTest" name="test1">
    <failure message="\Users\briancole\Downloads\420kvbksx0t768.pdf (The system cannot find the path specified)" type="java.io.FileNotFoundException">java.io.FileNotFoundException: \Users\briancole\Downloads\420kvbksx0t768.pdf (The system cannot find the path specified)
	at java.io.FileInputStream.open(Native Method)
	at java.io.FileInputStream.&lt;init&gt;(FileInputStream.java:138)
	at org.apache.pdfbox.pdmodel.PDDocument.load(PDDocument.java:1125)
	at au.brian.asx.domain.Announcement.parseAnnouncement(Announcement.java:108)
	at au.brian.asx.domain.AnnouncementTest.test1(AnnouncementTest.java:56)
</failure>
  </testcase>
  <testcase time="0" classname="au.brian.asx.domain.AnnouncementTest" name="test1">
    <failure message="\Users\briancole\Downloads\420nqx23dvvsd3.pdf (The system cannot find the path specified)" type="java.io.FileNotFoundException">java.io.FileNotFoundException: \Users\briancole\Downloads\420nqx23dvvsd3.pdf (The system cannot find the path specified)
	at java.io.FileInputStream.open(Native Method)
	at java.io.FileInputStream.&lt;init&gt;(FileInputStream.java:138)
	at org.apache.pdfbox.pdmodel.PDDocument.load(PDDocument.java:1125)
	at au.brian.asx.domain.Announcement.parseAnnouncement(Announcement.java:108)
	at au.brian.asx.domain.AnnouncementTest.test1(AnnouncementTest.java:56)
</failure>
  </testcase>
  <testcase time="0" classname="au.brian.asx.domain.AnnouncementTest" name="test1">
    <failure message="\Users\briancole\Downloads\420nzwthq7kkdb.pdf (The system cannot find the path specified)" type="java.io.FileNotFoundException">java.io.FileNotFoundException: \Users\briancole\Downloads\420nzwthq7kkdb.pdf (The system cannot find the path specified)
	at java.io.FileInputStream.open(Native Method)
	at java.io.FileInputStream.&lt;init&gt;(FileInputStream.java:138)
	at org.apache.pdfbox.pdmodel.PDDocument.load(PDDocument.java:1125)
	at au.brian.asx.domain.Announcement.parseAnnouncement(Announcement.java:108)
	at au.brian.asx.domain.AnnouncementTest.test1(AnnouncementTest.java:56)
</failure>
  </testcase>
  <testcase time="0" classname="au.brian.asx.domain.AnnouncementTest" name="test1">
    <failure message="\Users\briancole\Downloads\4214h9d3gvsl1k.pdf (The system cannot find the path specified)" type="java.io.FileNotFoundException">java.io.FileNotFoundException: \Users\briancole\Downloads\4214h9d3gvsl1k.pdf (The system cannot find the path specified)
	at java.io.FileInputStream.open(Native Method)
	at java.io.FileInputStream.&lt;init&gt;(FileInputStream.java:138)
	at org.apache.pdfbox.pdmodel.PDDocument.load(PDDocument.java:1125)
	at au.brian.asx.domain.Announcement.parseAnnouncement(Announcement.java:108)
	at au.brian.asx.domain.AnnouncementTest.test1(AnnouncementTest.java:56)
</failure>
  </testcase>
  <testcase time="0" classname="au.brian.asx.domain.AnnouncementTest" name="test1">
    <failure message="\Users\briancole\Downloads\4218058x0zvvtp.pdf (The system cannot find the path specified)" type="java.io.FileNotFoundException">java.io.FileNotFoundException: \Users\briancole\Downloads\4218058x0zvvtp.pdf (The system cannot find the path specified)
	at java.io.FileInputStream.open(Native Method)
	at java.io.FileInputStream.&lt;init&gt;(FileInputStream.java:138)
	at org.apache.pdfbox.pdmodel.PDDocument.load(PDDocument.java:1125)
	at au.brian.asx.domain.Announcement.parseAnnouncement(Announcement.java:108)
	at au.brian.asx.domain.AnnouncementTest.test1(AnnouncementTest.java:56)
</failure>
  </testcase>
  <testcase time="0.009" classname="au.brian.asx.domain.ShareEvaluationTest" name="test1"/>
</testsuite>