<?xml version="1.0" encoding="UTF-8"?>
<!-- Generated by org.testng.reporters.JUnitReportReporter -->
<testsuite hostname="Wally-PC" name="au.brian.asx.domain.ShareEvaluationTest" tests="1" failures="0" timestamp="25 Mar 2013 11:42:47 GMT" time="0.002" errors="0">
  <testcase name="test1" time="0.002" classname="au.brian.asx.domain.ShareEvaluationTest"/>
</testsuite>
